C51 COMPILER V9.54   MOTOR                                                                 07/06/2024 17:42:59 PAGE 1   


C51 COMPILER V9.54, COMPILATION OF MODULE MOTOR
OBJECT MODULE PLACED IN .\Objects\Motor.obj
COMPILER INVOKED BY: D:\Keil5\C51\BIN\C51.EXE Motor.c OPTIMIZE(8,SPEED) BROWSE DEBUG OBJECTEXTEND PRINT(.\Listings\Motor
                    -.lst) OBJECT(.\Objects\Motor.obj)

line level    source

   1          #include <REGX52.H>
   2          #include "Timer1.h"
   3          
   4          unsigned char Counter,Compare;
   5          
   6          sbit Motor = P1^0;
   7          
   8          void Motor_Init()
   9          {
  10   1              Timer1_Init();
  11   1      }
  12          
  13          void Motor_SetSpeed(unsigned char Speed)
  14          {
  15   1              Compare = Speed;
  16   1      }
  17          
  18          void Timer1_Routine(void) interrupt 3 
  19          {
  20   1              TL1 = 0xA4;
  21   1              TH1 = 0xFF;
  22   1              Counter++;
  23   1              Counter %= 100;     // if(Counter >= 100)  Counter = 0;
  24   1              
  25   1              if(Counter < Compare)
  26   1              {
  27   2                      Motor = 1;
  28   2              }
  29   1              else
  30   1              {
  31   2                      Motor = 0;
  32   2              }
  33   1      }


MODULE INFORMATION:   STATIC OVERLAYABLE
   CODE SIZE        =     49    ----
   CONSTANT SIZE    =   ----    ----
   XDATA SIZE       =   ----    ----
   PDATA SIZE       =   ----    ----
   DATA SIZE        =      2    ----
   IDATA SIZE       =   ----    ----
   BIT SIZE         =   ----    ----
END OF MODULE INFORMATION.


C51 COMPILATION COMPLETE.  0 WARNING(S),  0 ERROR(S)
