C51 COMPILER V9.54   TIMER1                                                                07/06/2024 17:30:40 PAGE 1   


C51 COMPILER V9.54, COMPILATION OF MODULE TIMER1
OBJECT MODULE PLACED IN .\Objects\Timer1.obj
COMPILER INVOKED BY: D:\Keil5\C51\BIN\C51.EXE Timer1.c OPTIMIZE(8,SPEED) BROWSE DEBUG OBJECTEXTEND PRINT(.\Listings\Time
                    -r1.lst) OBJECT(.\Objects\Timer1.obj)

line level    source

   1          #include <REGX52.H>
   2          
   3          /**
   4            * @brief  å®šæ—¶å™¨1åˆå§‹åŒ–ï¼Œ100å¾®ç§’ï¼Œ11.0592MHz
   5            * @param  æ— 
   6            * @retval æ— 
   7            */
   8          void Timer1_Init()
   9          {
  10   1              //é…ç½®
  11   1              
  12   1              //TMOD = 0x01;  //åªèƒ½é…ç½®ä¸€ä¸ªå®šæ—¶å™¨
  13   1              
  14   1              //TMOD = TMOD & 0xF0;  //æŠŠä½Žå››ä½çš„TMODæ¸…é›¶ã€‚é«˜å››ä½ä¿æŒä¸å˜
  15   1              TMOD &= 0x0F;
  16   1              
  17   1              //TMOD = TMOD | 0x01;  //æŠŠä½Žå››ä½çš„TMODç½®ä¸€ï¼Œé«˜å››ä½ä¿æŒä¸å˜
  18   1              TMOD |= 0x0;
  19   1              
  20   1              TF1 = 0;
  21   1              TR1 = 1;
  22   1              //TH1 = 64535 / 256;  //å’Œåè¿›åˆ¶åŒæ ·ç†è§£ï¼Œé™¤ä»¥10æ—¶å°æ•°ç‚¹å·¦ç§»ä¸€ä½ï¼Œé™¤ä»¥256æ˜¯åœ¨äºŒè
             -¿›åˆ¶é‡Œé¢å°æ•°ç‚¹å·¦ç§»8ä½
  23   1              //TL1 = 64535 % 256;
  24   1              TL1 = 0xA4;             //è®¾ç½®å®šæ—¶åˆå€¼
  25   1              TH1 = 0xFF;             //è®¾ç½®å®šæ—¶åˆå€¼
  26   1              
  27   1              ET1 = 1;
  28   1              EA = 1;
  29   1              PT1 = 0;
  30   1      }
  31          
  32          /*å®šæ—¶å™¨ä¸­æ–­å‡½æ•°æ¨¡æ¿
  33          void Timer1_Routine(void) interrupt 3 
  34          {
  35                  static unsigned int T1Count;
  36          
  37                  TL1 = 0xA4;
  38                  TH1 = 0xFF;
  39                  T1Count++;
  40                  if(T1Count >= 1000)
  41                  {
  42                          T1Count = 0;
  43                  }
  44          }
  45          */


MODULE INFORMATION:   STATIC OVERLAYABLE
   CODE SIZE        =     20    ----
   CONSTANT SIZE    =   ----    ----
   XDATA SIZE       =   ----    ----
   PDATA SIZE       =   ----    ----
   DATA SIZE        =   ----    ----
C51 COMPILER V9.54   TIMER1                                                                07/06/2024 17:30:40 PAGE 2   

   IDATA SIZE       =   ----    ----
   BIT SIZE         =   ----    ----
END OF MODULE INFORMATION.


C51 COMPILATION COMPLETE.  0 WARNING(S),  0 ERROR(S)
