C51 COMPILER V9.54   MAIN                                                                  04/19/2024 20:20:07 PAGE 1   


C51 COMPILER V9.54, COMPILATION OF MODULE MAIN
OBJECT MODULE PLACED IN .\Objects\main.obj
COMPILER INVOKED BY: D:\Keil5\C51\BIN\C51.EXE main.c OPTIMIZE(8,SPEED) BROWSE DEBUG OBJECTEXTEND PRINT(.\Listings\main.l
                    -st) OBJECT(.\Objects\main.obj)

line level    source

   1          #include <REGX52.H>
   2          
   3          void Delay(unsigned int xms)
   4          {
   5   1              unsigned char i, j;
   6   1              while(xms)
   7   1                      
   8   1              {
   9   2                      i = 12;
  10   2                      j = 169;
  11   2                      do
  12   2                      {
  13   3                              while (--j);
  14   3                      } while (--i);
  15   2                      xms--;
  16   2              }
  17   1      }
  18          
  19          
  20          void main()
  21          {
  22   1              while(1)
  23   1              {
  24   2                      if(P3_1 == 0)
  25   2                      {
  26   3                              //当按键时无变化，松手时灯亮
  27   3                              
  28   3                              Delay(20);//按键消抖
  29   3                              while(P3_1 == 0);
  30   3                              Delay(20);//松手消抖
  31   3                              
  32   3                              P2_0 = ~P2_0;
  33   3                      }
  34   2                      
  35   2              }
  36   1      }


MODULE INFORMATION:   STATIC OVERLAYABLE
   CODE SIZE        =     44    ----
   CONSTANT SIZE    =   ----    ----
   XDATA SIZE       =   ----    ----
   PDATA SIZE       =   ----    ----
   DATA SIZE        =   ----    ----
   IDATA SIZE       =   ----    ----
   BIT SIZE         =   ----    ----
END OF MODULE INFORMATION.


C51 COMPILATION COMPLETE.  0 WARNING(S),  0 ERROR(S)
