C51 COMPILER V9.54   MAIN                                                                  04/16/2024 23:15:01 PAGE 1   


C51 COMPILER V9.54, COMPILATION OF MODULE MAIN
OBJECT MODULE PLACED IN .\Objects\main.obj
COMPILER INVOKED BY: D:\Keil5\C51\BIN\C51.EXE main.c OPTIMIZE(8,SPEED) BROWSE DEBUG OBJECTEXTEND PRINT(.\Listings\main.l
                    -st) TABS(2) OBJECT(.\Objects\main.obj)

line level    source

   1          #include <REGX52.H>
   2          
   3          void Delay1ms(unsigned int xms)   //@12.000MHz
   4          {
   5   1        unsigned char i, j;
   6   1        
   7   1        while(xms)//若直接while循环500，则会进入死循环。必须要使用变量来判断。
   8   1        {
   9   2          i = 2;
  10   2          j = 239;
  11   2          do
  12   2          {
  13   3            while (--j);
  14   3          } while (--i);
  15   2          
  16   2          xms--;//每一次循环都减1ms，直到超过500ms结束循环开始亮下一个灯，重新调用函数。
  17   2        }
  18   1      }
  19          
  20          void main()
  21          {
  22   1        while(1)
  23   1        {
  24   2          P2 = 0xFE;//1111 1110
  25   2          Delay1ms(500);//可以直接传参需要延时的秒数。
  26   2          //可以控制不同的灯之间使用不同的延时。且只定义一个函数
  27   2          P2 = 0xFD;//1111 1101
  28   2          Delay1ms(100);
  29   2          P2 = 0xFB;//1111 1011
  30   2          Delay1ms(500);
  31   2          P2 = 0xF7;//1111 0111
  32   2          Delay1ms(1000);
  33   2          P2 = 0xEF;//1110 1111
  34   2          Delay1ms(500);
  35   2          P2 = 0xDF;//1101 1111
  36   2          Delay1ms(200);
  37   2          P2 = 0xBF;//1011 1111
  38   2          Delay1ms(400);
  39   2          P2 = 0x7F;//0111 1111
  40   2          Delay1ms(500);
  41   2        }
  42   1      }


MODULE INFORMATION:   STATIC OVERLAYABLE
   CODE SIZE        =     90    ----
   CONSTANT SIZE    =   ----    ----
   XDATA SIZE       =   ----    ----
   PDATA SIZE       =   ----    ----
   DATA SIZE        =   ----    ----
   IDATA SIZE       =   ----    ----
   BIT SIZE         =   ----    ----
END OF MODULE INFORMATION.


C51 COMPILATION COMPLETE.  0 WARNING(S),  0 ERROR(S)
