C51 COMPILER V9.54   MAIN                                                                  06/30/2024 17:20:55 PAGE 1   


C51 COMPILER V9.54, COMPILATION OF MODULE MAIN
OBJECT MODULE PLACED IN .\Objects\main.obj
COMPILER INVOKED BY: D:\Keil5\C51\BIN\C51.EXE main.c OPTIMIZE(8,SPEED) BROWSE DEBUG OBJECTEXTEND PRINT(.\Listings\main.l
                    -st) OBJECT(.\Objects\main.obj)

line level    source

   1          #include <REGX52.H>
   2          #include "Delay.h"
   3          #include "Key.h"
   4          #include "Timer0.h"
   5          #include "Nixie.h"
   6          
   7          unsigned char Counter,Compare;
   8          unsigned char KeyNum,Speed;
   9          
  10          sbit Motor = P1^0;
  11          
  12          void main()
  13          {
  14   1              Timer0_Init();
  15   1              Compare = 5;
  16   1              while(1)
  17   1              {
  18   2                      KeyNum = Key();
  19   2                      if(KeyNum == 1)
  20   2                      {
  21   3                              Speed++;
  22   3                              Speed %= 4;
  23   3              if(Speed == 0){Compare = 0;}
  24   3                      if(Speed == 1){Compare = 50;}
  25   3                      if(Speed == 2){Compare = 75;}
  26   3                      if(Speed == 3){Compare = 90;}
  27   3                      }
  28   2                      Nixie(1,Speed);
  29   2              }
  30   1      }
  31          
  32          void Timer0_Routine(void) interrupt 1 
  33          {
  34   1              TL0 = 0xA4;
  35   1              TH0 = 0xFF;
  36   1              Counter++;
  37   1              Counter %= 100;     // if(Counter >= 100)  Counter = 0;
  38   1              
  39   1              if(Counter < Compare)
  40   1              {
  41   2                      Motor = 1;
  42   2              }
  43   1              else
  44   1              {
  45   2                      Motor = 0;
  46   2              }
  47   1      }


MODULE INFORMATION:   STATIC OVERLAYABLE
   CODE SIZE        =    107    ----
   CONSTANT SIZE    =   ----    ----
   XDATA SIZE       =   ----    ----
   PDATA SIZE       =   ----    ----
C51 COMPILER V9.54   MAIN                                                                  06/30/2024 17:20:55 PAGE 2   

   DATA SIZE        =      4    ----
   IDATA SIZE       =   ----    ----
   BIT SIZE         =   ----    ----
END OF MODULE INFORMATION.


C51 COMPILATION COMPLETE.  0 WARNING(S),  0 ERROR(S)
