C51 COMPILER V9.54   MAIN                                                                  04/21/2024 18:23:57 PAGE 1   


C51 COMPILER V9.54, COMPILATION OF MODULE MAIN
OBJECT MODULE PLACED IN .\Objects\main.obj
COMPILER INVOKED BY: D:\Keil5\C51\BIN\C51.EXE main.c OPTIMIZE(8,SPEED) BROWSE DEBUG OBJECTEXTEND PRINT(.\Listings\main.l
                    -st) OBJECT(.\Objects\main.obj)

line level    source

   1          #include <REGX52.H>
   2          #include "Delay.h"
   3          #include "LCD1602.h"
   4          #include "MatrixKey.h"
   5          
   6          unsigned char KeyNum = 0;
   7          unsigned int Password = 0;
   8          unsigned int count = 0;
   9          
  10          void main()
  11          {
  12   1              LCD_Init();
  13   1              LCD_ShowString(1,1,"Password");
  14   1              
  15   1              while(1)
  16   1              {
  17   2                      KeyNum = MatrixKey();
  18   2                      
  19   2                      if(KeyNum)
  20   2                      {
  21   3                              if(KeyNum <= 10) //如果s1—s10按下，输入密码
  22   3                              {
  23   4                                      if(count < 4)
  24   4                                      {
  25   5                                              Password *= 10;  //密码左移一位   //0001变成0010
  26   5                                              
  27   5                                              Password += KeyNum % 10;   //获取一位密码并且加到原密码左移后的数值上
  28   5                                              
  29   5                                              count++;        
  30   5                                      }
  31   4                                      LCD_ShowNum(2,1,Password,4);   //更新显示
  32   4                              }
  33   3                              if(KeyNum == 11)  //将s11定义为确认键
  34   3                              {
  35   4                                      if(Password == 2109) //首位不可以为0
  36   4                                      {
  37   5                                              LCD_ShowString(1,10,"Success");
  38   5                                              Password = 0;   //密码清零
  39   5                                              count = 0;      //计次清零
  40   5                                              LCD_ShowNum(2,1,Password,4);   //更新显示
  41   5                                      }
  42   4                                      else
  43   4                                      {
  44   5                                              LCD_ShowString(1,12,"Fail");
  45   5                                              Password = 0;   //密码清零
  46   5                                              count = 0;      //计次清零
  47   5                                              LCD_ShowNum(2,1,Password,4);   //更新显示
  48   5                                      }
  49   4                              }
  50   3                              if(KeyNum == 12)  //将s12定义为取消键
  51   3                              {
  52   4                                      Password = 0;   //密码清零
  53   4                                      count = 0;      //计次清零
  54   4                                      LCD_ShowNum(2,1,Password,4);   //更新显示
C51 COMPILER V9.54   MAIN                                                                  04/21/2024 18:23:57 PAGE 2   

  55   4                              }
  56   3                      }
  57   2              }
  58   1      }


MODULE INFORMATION:   STATIC OVERLAYABLE
   CODE SIZE        =    191    ----
   CONSTANT SIZE    =     22    ----
   XDATA SIZE       =   ----    ----
   PDATA SIZE       =   ----    ----
   DATA SIZE        =      5    ----
   IDATA SIZE       =   ----    ----
   BIT SIZE         =   ----    ----
END OF MODULE INFORMATION.


C51 COMPILATION COMPLETE.  0 WARNING(S),  0 ERROR(S)
