C51 COMPILER V9.54   UART                                                                  04/27/2024 13:03:42 PAGE 1   


C51 COMPILER V9.54, COMPILATION OF MODULE UART
OBJECT MODULE PLACED IN .\Objects\UART.obj
COMPILER INVOKED BY: D:\Keil5\C51\BIN\C51.EXE UART.c OPTIMIZE(8,SPEED) BROWSE DEBUG OBJECTEXTEND PRINT(.\Listings\UART.l
                    -st) OBJECT(.\Objects\UART.obj)

line level    source

   1          #include <REGX52.H>
   2          
   3          /**
   4            * @brief  串口初始化，4800bps@11.0592MHz
   5            * @param  无
   6            * @retval 无
   7            */
   8          
   9          void UartInit(void)             //4800bps@11.0592MHz
  10          {
  11   1              PCON &= 0x7F;           //波特率不倍速
  12   1              SCON = 0x50;            //8位数据,可变波特率
  13   1                                  //REN = 1
  14   1              TMOD &= 0x0F;           //清除定时器1模式位
  15   1              TMOD |= 0x20;           //设定定时器1为8位自动重装方式
  16   1              TL1 = 0xFA;             //设定定时初值
  17   1              TH1 = 0xFA;             //设定定时器重装值 
  18   1              ET1 = 0;                //禁止定时器1中断
  19   1              TR1 = 1;                //启动定时器1
  20   1              EA = 1;
  21   1              ES = 1;
  22   1      }
  23          
  24          /**
  25            * @brief  串口发送一个字节数据
  26            * @param  Byte要发送一个字节数据
  27            * @retval 无
  28            */
  29          void UART_SendByte(unsigned char Byte)
  30          {
  31   1              SBUF = Byte;
  32   1              while(TI == 1)
  33   1              {
  34   2                      TI = 0;
  35   2              }
  36   1      }
  37          
  38          
  39          /*串口中断函数模板
  40          void UART_Routine(void) interrupt 4
  41          {
  42                  if(RI == 1)
  43                  {
  44                          
  45                          RI = 0;
  46                  }
  47          }
  48          */


MODULE INFORMATION:   STATIC OVERLAYABLE
   CODE SIZE        =     37    ----
   CONSTANT SIZE    =   ----    ----
   XDATA SIZE       =   ----    ----
C51 COMPILER V9.54   UART                                                                  04/27/2024 13:03:42 PAGE 2   

   PDATA SIZE       =   ----    ----
   DATA SIZE        =   ----    ----
   IDATA SIZE       =   ----    ----
   BIT SIZE         =   ----    ----
END OF MODULE INFORMATION.


C51 COMPILATION COMPLETE.  0 WARNING(S),  0 ERROR(S)
