C51 COMPILER V9.54   MAIN                                                                  04/25/2024 00:18:25 PAGE 1   


C51 COMPILER V9.54, COMPILATION OF MODULE MAIN
OBJECT MODULE PLACED IN .\Objects\main.obj
COMPILER INVOKED BY: D:\Keil5\C51\BIN\C51.EXE main.c OPTIMIZE(8,SPEED) BROWSE DEBUG OBJECTEXTEND PRINT(.\Listings\main.l
                    -st) OBJECT(.\Objects\main.obj)

line level    source

   1          #include <REGX52.H>
   2          #include "Timer0.h"
   3          #include "Key.h"
   4          #include <INTRINS.H>
   5          
   6          
   7          unsigned char KeyNum,LEDMode;
   8          void main()
   9          {
  10   1              P2 = 0xFE;
  11   1              Timer0_Init();
  12   1              while(1)
  13   1              {
  14   2                      KeyNum = Key();
  15   2                      if(KeyNum)
  16   2                      {
  17   3                              if(KeyNum == 1)
  18   3                              {
  19   4                                      LEDMode++;
  20   4                                      if(LEDMode >= 2){LEDMode = 0;}
  21   4                              }
  22   3                      }
  23   2              }
  24   1      }
  25          
  26          void Timer0_Routine(void) interrupt 1 //中断子程序
  27          {
  28   1              static unsigned int T0Count;
  29   1      
  30   1              //重新赋值，否则将不再从之前设定的初始值开始记
  31   1              TL0 = 0x66;
  32   1              TH0 = 0xFC;
  33   1              
  34   1              //以1s为循环使LED灯进行闪烁
  35   1              T0Count++;
  36   1              if(T0Count >= 500)
  37   1              {
  38   2                      //重新赋值
  39   2                      T0Count = 0;
  40   2                      
  41   2                      if(LEDMode == 0)
  42   2                      {
  43   3                              P2 = _crol_(P2,1);
  44   3                      }
  45   2                      if(LEDMode == 1)
  46   2                      {
  47   3                              P2 = _cror_(P2,1);
  48   3                      }
  49   2              }
  50   1      }


MODULE INFORMATION:   STATIC OVERLAYABLE
   CODE SIZE        =    116    ----
C51 COMPILER V9.54   MAIN                                                                  04/25/2024 00:18:25 PAGE 2   

   CONSTANT SIZE    =   ----    ----
   XDATA SIZE       =   ----    ----
   PDATA SIZE       =   ----    ----
   DATA SIZE        =      4    ----
   IDATA SIZE       =   ----    ----
   BIT SIZE         =   ----    ----
END OF MODULE INFORMATION.


C51 COMPILATION COMPLETE.  0 WARNING(S),  0 ERROR(S)
