C51 COMPILER V9.54   MAIN                                                                  04/25/2024 13:40:13 PAGE 1   


C51 COMPILER V9.54, COMPILATION OF MODULE MAIN
OBJECT MODULE PLACED IN .\Objects\main.obj
COMPILER INVOKED BY: D:\Keil5\C51\BIN\C51.EXE main.c OPTIMIZE(8,SPEED) BROWSE DEBUG OBJECTEXTEND PRINT(.\Listings\main.l
                    -st) OBJECT(.\Objects\main.obj)

line level    source

   1          #include <REGX52.H>
   2          #include "LCD1602.h"
   3          #include "Timer0.h"
   4          #include "Delay.h"
   5          
   6          unsigned char Sec,Min,Hour;
   7          
   8          void main()
   9          {
  10   1              LCD_Init();
  11   1              Timer0_Init();//定时器初始化
  12   1              
  13   1              LCD_ShowString(1,1,"Clock:");
  14   1              LCD_ShowString(2,1,"  :  :");
  15   1              while(1)
  16   1              {
  17   2                      LCD_ShowNum(2,1,Hour,2);
  18   2                      LCD_ShowNum(2,4,Min,2);
  19   2                      LCD_ShowNum(2,7,Sec,2);
  20   2              }
  21   1      }
  22          
  23          void Timer0_Routine(void) interrupt 1 
  24          {
  25   1              static unsigned int T0Count;
  26   1      
  27   1              TL0 = 0x66;
  28   1              TH0 = 0xFC;
  29   1              T0Count++;
  30   1              if(T0Count >= 1000)
  31   1              {
  32   2                      T0Count = 0;
  33   2                      Sec++;
  34   2                      if(Sec >= 60)
  35   2                      {
  36   3                              Sec = 0;
  37   3                              Min++;
  38   3                              if(Min >= 60)
  39   3                              {
  40   4                                      Min = 0;
  41   4                                      Hour++;
  42   4                                      if(Hour >= 24)
  43   4                                      {
  44   5                                              Hour = 0;
  45   5                                      }
  46   4                              }
  47   3                      }
  48   2              }
  49   1      }


MODULE INFORMATION:   STATIC OVERLAYABLE
   CODE SIZE        =    150    ----
   CONSTANT SIZE    =     14    ----
C51 COMPILER V9.54   MAIN                                                                  04/25/2024 13:40:13 PAGE 2   

   XDATA SIZE       =   ----    ----
   PDATA SIZE       =   ----    ----
   DATA SIZE        =      5    ----
   IDATA SIZE       =   ----    ----
   BIT SIZE         =   ----    ----
END OF MODULE INFORMATION.


C51 COMPILATION COMPLETE.  0 WARNING(S),  0 ERROR(S)
