C51 COMPILER V9.54   MAIN                                                                  04/20/2024 13:28:14 PAGE 1   


C51 COMPILER V9.54, COMPILATION OF MODULE MAIN
OBJECT MODULE PLACED IN .\Objects\main.obj
COMPILER INVOKED BY: D:\Keil5\C51\BIN\C51.EXE main.c OPTIMIZE(8,SPEED) BROWSE DEBUG OBJECTEXTEND PRINT(.\Listings\main.l
                    -st) OBJECT(.\Objects\main.obj)

line level    source

   1          #include <REGX52.H>
   2          
   3          void Delay(unsigned int xms)            //@12.000MHz
   4          {
   5   1              unsigned char i, j;
   6   1              while(xms)
   7   1              {
   8   2                      i = 2;
   9   2                      j = 239;
  10   2                      do
  11   2                      {
  12   3                              while (--j);
  13   3                      } while (--i);
  14   2                      xms--;
  15   2              }
  16   1      }
  17          
  18          void main()
  19          {
  20   1              unsigned char LEDNum;
  21   1              
  22   1              while(1)
  23   1              {
  24   2                      if(P3_1 == 0)
  25   2                      {
  26   3                              LEDNum++;//直接跳过P2_0
  27   3                              
  28   3                              Delay(20);
  29   3                              while(P3_1 == 0);
  30   3                              Delay(20);
  31   3                              
  32   3                              if(LEDNum >= 8)//LED模块位P2_0到P2_7
  33   3                                      LEDNum = 0;
  34   3                              P2 = ~(0x01<<LEDNum);//十六进制按位左移
  35   3                              
  36   3                              //LEDNum++;//需要按键两次LED灯变化
  37   3                      }
  38   2                      
  39   2                      if(P3_0 == 0)
  40   2                      {
  41   3                              Delay(20);
  42   3                              while(P3_0 == 0);
  43   3                              Delay(20);
  44   3                              
  45   3                              if(LEDNum == 0)
  46   3                                      LEDNum = 7;
  47   3                              else
  48   3                                      LEDNum--;
  49   3                              P2 = ~(0x01<<LEDNum);
  50   3                      }
  51   2              }
  52   1      }


C51 COMPILER V9.54   MAIN                                                                  04/20/2024 13:28:14 PAGE 2   

MODULE INFORMATION:   STATIC OVERLAYABLE
   CODE SIZE        =     95    ----
   CONSTANT SIZE    =   ----    ----
   XDATA SIZE       =   ----    ----
   PDATA SIZE       =   ----    ----
   DATA SIZE        =   ----    ----
   IDATA SIZE       =   ----    ----
   BIT SIZE         =   ----    ----
END OF MODULE INFORMATION.


C51 COMPILATION COMPLETE.  0 WARNING(S),  0 ERROR(S)
