C51 COMPILER V9.54   MAIN                                                                  05/01/2024 13:37:12 PAGE 1   


C51 COMPILER V9.54, COMPILATION OF MODULE MAIN
OBJECT MODULE PLACED IN .\Objects\main.obj
COMPILER INVOKED BY: D:\Keil5\C51\BIN\C51.EXE main.c OPTIMIZE(8,SPEED) BROWSE DEBUG OBJECTEXTEND PRINT(.\Listings\main.l
                    -st) OBJECT(.\Objects\main.obj)

line level    source

   1          #include <REGX52.H>
   2          #include "Delay.h"
   3          #include "MatrixLED.h"
   4          
   5          unsigned char code Animation[] = 
   6          {
   7                  0xFF,0x08,0x08,0x08,0xFF,0x1C,0x2A,0x2A,0x2A,0x18,0xFF,0x01,0x02,0xFF,0x01,0x02,
   8                  0x7E,0x81,0x81,0x7E,0x00,0xFD,0x00,0x00,0x00,0x00,0x00,0x00,0x00,0x00,0x00,0x00,
   9          };
  10          
  11          void main()
  12          {
  13   1              unsigned char i,Offset,Count = 0;
  14   1              
  15   1              MatrixLED_Init();
  16   1              while(1)
  17   1              {
  18   2                      for(i = 0; i < 8; i++)
  19   2                      {
  20   3                              MatrixLED_ShowColumn(i,Animation[i + Offset]);
  21   3                      }
  22   2                      Count++;
  23   2                      if(Count > 10)
  24   2                      {
  25   3                              Count = 0;
  26   3                              Offset++;
  27   3                              if(Offset > 24)
  28   3                              {
  29   4                                      Offset = 0;
  30   4                              }
  31   3                      }
  32   2              }
  33   1      }


MODULE INFORMATION:   STATIC OVERLAYABLE
   CODE SIZE        =     60    ----
   CONSTANT SIZE    =     32    ----
   XDATA SIZE       =   ----    ----
   PDATA SIZE       =   ----    ----
   DATA SIZE        =   ----       3
   IDATA SIZE       =   ----    ----
   BIT SIZE         =   ----    ----
END OF MODULE INFORMATION.


C51 COMPILATION COMPLETE.  0 WARNING(S),  0 ERROR(S)
