C51 COMPILER V9.54   MAIN                                                                  05/01/2024 23:37:37 PAGE 1   


C51 COMPILER V9.54, COMPILATION OF MODULE MAIN
OBJECT MODULE PLACED IN .\Objects\main.obj
COMPILER INVOKED BY: D:\Keil5\C51\BIN\C51.EXE main.c OPTIMIZE(8,SPEED) BROWSE DEBUG OBJECTEXTEND PRINT(.\Listings\main.l
                    -st) OBJECT(.\Objects\main.obj)

line level    source

   1          #include <REGX52.H>
   2          #include "Delay.h"
   3          #include "Timer0.h"
   4          
   5          sbit Buzzer = P2^5;
   6          
   7          #define SPEED   500
   8          
   9          //Èü≥Á¨¶‰∏éÁ¥¢ÂºïÂØπÂ∫îË°®ÔºåPÔºö‰ºëÊ≠¢Á¨¶ÔºåLÔºö‰ΩéÈü≥ÔºåMÔºö‰∏≠Èü≥ÔºåHÔºöÈ´òÈü≥Ôºå‰∏ãÂàíÁ∫øÔºöÂçáÂçäÈü≥Á
             -¨¶Âè∑#
  10          #define P       0
  11          #define L1      1
  12          #define L1_     2
  13          #define L2      3
  14          #define L2_     4
  15          #define L3      5
  16          #define L4      6
  17          #define L4_     7
  18          #define L5      8
  19          #define L5_     9
  20          #define L6      10
  21          #define L6_     11
  22          #define L7      12
  23          #define M1      13
  24          #define M1_     14
  25          #define M2      15
  26          #define M2_     16
  27          #define M3      17
  28          #define M4      18
  29          #define M4_     19
  30          #define M5      20
  31          #define M5_     21
  32          #define M6      22
  33          #define M6_     23
  34          #define M7      24
  35          #define H1      25
  36          #define H1_     26
  37          #define H2      27
  38          #define H2_     28
  39          #define H3      29
  40          #define H4      30
  41          #define H4_     31
  42          #define H5      32
  43          #define H5_     33
  44          #define H6      34
  45          #define H6_     35
  46          #define H7      36
  47          
  48          
  49          unsigned int FreqTable[] = {
  50                  0,
  51                  63628,63731,63835,63928,64021,64103,64185,64260,64331,64400,64463,64528,
  52              64580,64633,64684,64732,64777,64820,64860,64898,64934,64968,65000,65030,
  53              65058,65085,65110,65134,65157,65178,65198,65217,65235,65252,65268,65283
C51 COMPILER V9.54   MAIN                                                                  05/01/2024 23:37:37 PAGE 2   

  54              };
  55          
  56          unsigned char code Music[] = {
  57          //1
  58                  P,      4,
  59                  P,      4,
  60                  P,      4,
  61                  M6,     2,
  62                  M7,     2,
  63                  
  64                  H1,     4+2,
  65                  M7,     2,
  66                  H1,     4,
  67                  H3,     4,
  68                  
  69                  M7,     4+4+4,
  70                  M3,     2,
  71                  M3,     2,
  72                  
  73                  //2
  74                  M6,     4+2,
  75                  M5,     2,
  76                  M6, 4,
  77                  H1,     4,
  78                  
  79                  M5,     4+4+4,
  80                  M3,     4,
  81                  
  82                  M4,     4+2,
  83                  M3,     2,
  84                  M4,     4,
  85                  H1,     4,
  86                  
  87                  //3
  88                  M3,     4+4,
  89                  P,      2,
  90                  H1,     2,
  91                  H1,     2,
  92                  H1,     2,
  93                  
  94                  M7,     4+2,
  95                  M4_,2,
  96                  M4_,4,
  97                  M7,     4,
  98                  
  99                  M7,     8,
 100                  P,      4,
 101                  M6,     2,
 102                  M7,     2,
 103                  
 104                  //4
 105                  H1,     4+2,
 106                  M7,     2,
 107                  H1,     4,
 108                  H3,     4,
 109                  
 110                  M7,     4+4+4,
 111                  M3,     2,
 112                  M3,     2,
 113                  
 114                  M6,     4+2,
 115                  M5,     2,
C51 COMPILER V9.54   MAIN                                                                  05/01/2024 23:37:37 PAGE 3   

 116                  M6, 4,
 117                  H1,     4,
 118                  
 119                  //5
 120                  M5,     4+4+4,
 121                  M2,     2,
 122                  M3,     2,
 123                  
 124                  M4,     4,
 125                  H1,     2,
 126                  M7,     2+2,
 127                  H1,     2+4,
 128                  
 129                  H2,     2,
 130                  H2,     2,
 131                  H3,     2,
 132                  H1,     2+4+4,
 133                  
 134                  //6
 135                  H1,     2,
 136                  M7,     2,
 137                  M6,     2,
 138                  M6,     2,
 139                  M7,     4,
 140                  M5_,4,
 141                  
 142                  
 143                  M6,     4+4+4,
 144                  H1,     2,
 145                  H2,     2,
 146                  
 147                  H3,     4+2,
 148                  H2,     2,
 149                  H3,     4,
 150                  H5,     4,
 151                  
 152                  //7
 153                  H2,     4+4+4,
 154                  M5,     2,
 155                  M5,     2,
 156                  
 157                  H1,     4+2,
 158                  M7,     2,
 159                  H1,     4,
 160                  H3,     4,
 161                  
 162                  H3,     4+4+4+4,
 163                  
 164                  //8
 165                  M6,     2,
 166                  M7,     2,
 167                  H1,     4,
 168                  M7,     4,
 169                  H2,     2,
 170                  H2,     2,
 171                  
 172                  H1,     4+2,
 173                  M5,     2+4+4,
 174                  
 175                  H4,     4,
 176                  H3,     4,
 177                  H3,     4,
C51 COMPILER V9.54   MAIN                                                                  05/01/2024 23:37:37 PAGE 4   

 178                  H1,     4,
 179                  
 180                  //9
 181                  H3,     4+4+4,
 182                  H3,     4,
 183                  
 184                  H6,     4+4,
 185                  H5,     4,
 186                  H5,     4,
 187                  
 188                  H3,     2,
 189                  H2,     2,
 190                  H1,     4+4,
 191                  P,      2,
 192                  H1,     2,
 193                  
 194                  //10
 195                  H2,     4,
 196                  H1,     2,
 197                  H2,     2,
 198                  H2,     4,
 199                  H5,     4,
 200                  
 201                  H3,     4+4+4,
 202                  H3,     4,
 203                  
 204                  H6,     4+4,
 205                  H5,     4+4,
 206                  
 207                  //11
 208                  H3,     2,
 209                  H2,     2,
 210                  H1,     4+4,
 211                  P,      2,
 212                  H1,     2,
 213                  
 214                  H2,     4,
 215                  H1,     2,
 216                  H2,     2+4,
 217                  M7,     4,
 218                  
 219                  M6,     4+4+4,
 220                  P,      4,
 221                  
 222                  0xFF    //ÁªàÊ≠¢Ê†áÂøó
 223          
 224          };
 225          
 226          unsigned char FreqSelect,MusicSelect;
 227          
 228          void main()
 229          {
 230   1              Timer0_Init();
 231   1              while(1)
 232   1              {
 233   2                      if(Music[MusicSelect] != 0xFF)
 234   2                      {
 235   3                              FreqSelect = Music[MusicSelect];
 236   3                              MusicSelect++;
 237   3                              Delay(SPEED/4*Music[MusicSelect]);
 238   3                              MusicSelect++;
 239   3                              TR0 = 0;
C51 COMPILER V9.54   MAIN                                                                  05/01/2024 23:37:37 PAGE 5   

 240   3                              Delay(5);
 241   3                              TR0 = 1;
 242   3                      }
 243   2                      else
 244   2                      {
 245   3                              TR0 = 0;
 246   3                              while(1);
 247   3                      }
 248   2              }
 249   1      }
 250          
 251          void Timer0_Routine(void) interrupt 1 
 252          {
 253   1              if(FreqTable[FreqSelect])
 254   1              {       
 255   2                      TL0 = FreqTable[FreqSelect] % 256;
 256   2                      TH0 = FreqTable[FreqSelect] / 256;
 257   2                      
 258   2                      Buzzer = !Buzzer;
 259   2              }
 260   1      }


MODULE INFORMATION:   STATIC OVERLAYABLE
   CODE SIZE        =    101    ----
   CONSTANT SIZE    =    241    ----
   XDATA SIZE       =   ----    ----
   PDATA SIZE       =   ----    ----
   DATA SIZE        =     76    ----
   IDATA SIZE       =   ----    ----
   BIT SIZE         =   ----    ----
END OF MODULE INFORMATION.


C51 COMPILATION COMPLETE.  0 WARNING(S),  0 ERROR(S)
