C51 COMPILER V9.54   TIMER0                                                                05/01/2024 22:49:01 PAGE 1   


C51 COMPILER V9.54, COMPILATION OF MODULE TIMER0
OBJECT MODULE PLACED IN .\Objects\Timer0.obj
COMPILER INVOKED BY: D:\Keil5\C51\BIN\C51.EXE Timer0.c OPTIMIZE(8,SPEED) BROWSE DEBUG OBJECTEXTEND PRINT(.\Listings\Time
                    -r0.lst) OBJECT(.\Objects\Timer0.obj)

line level    source

   1          #include <REGX52.H>
   2          
   3          /**
   4            * @brief  å®šæ—¶å™¨0åˆå§‹åŒ–ï¼Œ1msï¼Œ11.0592MHz
   5            * @param  æ— 
   6            * @retval æ— 
   7            */
   8          void Timer0_Init()
   9          {
  10   1              //é…ç½®
  11   1              
  12   1              //TMOD = 0x01;  //åªèƒ½é…ç½®ä¸€ä¸ªå®šæ—¶å™¨
  13   1              
  14   1              //TMOD = TMOD & 0xF0;  //æŠŠä½Žå››ä½çš„TMODæ¸…é›¶ã€‚é«˜å››ä½ä¿æŒä¸å˜
  15   1              TMOD &= 0xF0;
  16   1              
  17   1              //TMOD = TMOD | 0x01;  //æŠŠä½Žå››ä½çš„TMODç½®ä¸€ï¼Œé«˜å››ä½ä¿æŒä¸å˜
  18   1              TMOD |= 0x01;
  19   1              
  20   1              TF0 = 0;
  21   1              TR0 = 1;
  22   1              //TH0 = 64535 / 256;  //å’Œåè¿›åˆ¶åŒæ ·ç†è§£ï¼Œé™¤ä»¥10æ—¶å°æ•°ç‚¹å·¦ç§»ä¸€ä½ï¼Œé™¤ä»¥256æ˜¯åœ¨äºŒè
             -¿›åˆ¶é‡Œé¢å°æ•°ç‚¹å·¦ç§»8ä½
  23   1              //TL0 = 64535 % 256;
  24   1              TL0 = 0x66;             //è®¾ç½®å®šæ—¶åˆå€¼
  25   1              TH0 = 0xFC;             //è®¾ç½®å®šæ—¶åˆå€¼
  26   1              
  27   1              ET0 = 1;
  28   1              EA = 1;
  29   1              PT0 = 0;
  30   1      }
  31          
  32          /*å®šæ—¶å™¨ä¸­æ–­å‡½æ•°æ¨¡æ¿
  33          void Timer0_Routine(void) interrupt 1 
  34          {
  35                  static unsigned int T0Count;
  36          
  37                  TL0 = 0x66;
  38                  TH0 = 0xFC;
  39                  T0Count++;
  40                  if(T0Count >= 1000)
  41                  {
  42                          T0Count = 0;
  43                  }
  44          }
  45          */


MODULE INFORMATION:   STATIC OVERLAYABLE
   CODE SIZE        =     23    ----
   CONSTANT SIZE    =   ----    ----
   XDATA SIZE       =   ----    ----
   PDATA SIZE       =   ----    ----
   DATA SIZE        =   ----    ----
C51 COMPILER V9.54   TIMER0                                                                05/01/2024 22:49:01 PAGE 2   

   IDATA SIZE       =   ----    ----
   BIT SIZE         =   ----    ----
END OF MODULE INFORMATION.


C51 COMPILATION COMPLETE.  0 WARNING(S),  0 ERROR(S)
